INFO  [Thread-3] 2019-08-22 12:00:57,986 repast.simphony.batch.ssh.LocalSession - BATCH: Started a new batch run!
INFO  [Thread-3] 2019-08-22 12:00:59,611 repast.simphony.batch.ssh.LocalSession - BATCH: Started a new batch run!
INFO  [Thread-3] 2019-08-22 12:01:00,831 repast.simphony.batch.ssh.LocalSession - BATCH: Started a new batch run!
INFO  [Thread-3] 2019-08-22 12:01:02,447 repast.simphony.batch.ssh.LocalSession - BATCH: Started a new batch run!
INFO  [Thread-3] 2019-08-22 12:01:04,445 repast.simphony.batch.ssh.LocalSession - BATCH: Started a new batch run!
INFO  [Thread-3] 2019-08-22 12:01:06,094 repast.simphony.batch.ssh.LocalSession - BATCH: Started a new batch run!
INFO  [Thread-3] 2019-08-22 12:01:07,991 repast.simphony.batch.ssh.LocalSession - BATCH: Started a new batch run!
INFO  [Thread-3] 2019-08-22 12:01:10,377 repast.simphony.batch.ssh.LocalSession - BATCH: Started a new batch run!
INFO  [Thread-3] 2019-08-22 12:01:11,947 repast.simphony.batch.ssh.LocalSession - BATCH: Started a new batch run!
INFO  [Thread-3] 2019-08-22 12:01:13,959 repast.simphony.batch.ssh.LocalSession - BATCH: Started a new batch run!
INFO  [Thread-3] 2019-08-22 12:01:16,135 repast.simphony.batch.ssh.LocalSession - BATCH: Started a new batch run!
INFO  [Thread-3] 2019-08-22 12:01:17,558 repast.simphony.batch.ssh.LocalSession - BATCH: Started a new batch run!
INFO  [Thread-3] 2019-08-22 12:01:19,005 repast.simphony.batch.ssh.LocalSession - BATCH: Started a new batch run!
INFO  [Thread-3] 2019-08-22 12:01:20,474 repast.simphony.batch.ssh.LocalSession - BATCH: Started a new batch run!
INFO  [Thread-3] 2019-08-22 12:01:21,967 repast.simphony.batch.ssh.LocalSession - BATCH: Started a new batch run!
INFO  [Thread-3] 2019-08-22 12:01:23,453 repast.simphony.batch.ssh.LocalSession - BATCH: Started a new batch run!
INFO  [Thread-3] 2019-08-22 12:01:25,631 repast.simphony.batch.ssh.LocalSession - BATCH: Started a new batch run!
INFO  [Thread-3] 2019-08-22 12:01:26,886 repast.simphony.batch.ssh.LocalSession - BATCH: Started a new batch run!
INFO  [Thread-3] 2019-08-22 12:01:28,610 repast.simphony.batch.ssh.LocalSession - BATCH: Started a new batch run!
INFO  [Thread-3] 2019-08-22 12:01:30,920 repast.simphony.batch.ssh.LocalSession - BATCH: Started a new batch run!
INFO  [Thread-3] 2019-08-22 12:01:32,872 repast.simphony.batch.ssh.LocalSession - BATCH: Started a new batch run!
INFO  [pool-3-thread-1] 2019-08-22 12:01:33,682 repast.simphony.batch.ssh.LocalDonePoller - Polled C:\Users\Maarten\AppData\Local\Temp\simphony_model_1566466452702 for DONE:  no
INFO  [Thread-3] 2019-08-22 12:01:34,584 repast.simphony.batch.ssh.LocalSession - BATCH: Started a new batch run!
INFO  [Thread-3] 2019-08-22 12:01:36,010 repast.simphony.batch.ssh.LocalSession - BATCH: Started a new batch run!
INFO  [pool-3-thread-1] 2019-08-22 12:02:33,682 repast.simphony.batch.ssh.LocalDonePoller - Polled C:\Users\Maarten\AppData\Local\Temp\simphony_model_1566466452702 for DONE:  yes
INFO  [SwingWorker-pool-2-thread-1] 2019-08-22 12:02:33,684 repast.simphony.batch.ssh.SessionsDriver - Run Time: 28,2685
INFO  [SwingWorker-pool-2-thread-1] 2019-08-22 12:02:34,000 repast.simphony.batch.ssh.LocalSession - Finding output on localhost in C:\Users\Maarten\AppData\Local\Temp\simphony_model_1566466452702
INFO  [SwingWorker-pool-2-thread-1] 2019-08-22 12:02:34,065 repast.simphony.batch.ssh.SessionsDriver - Aggregating output into D:/Work/WorkspaceRepast/SupplyChainModel/output
INFO  [SwingWorker-pool-2-thread-1] 2019-08-22 12:03:09,494 repast.simphony.batch.ssh.SessionsDriver - Get Output Time: 0,5968
INFO  [SwingWorker-pool-2-thread-1] 2019-08-22 12:03:09,494 repast.simphony.batch.ssh.SessionsDriver - Finished. Elapsed Time: 28,9472
