2019-08-14 22:42:55,565 - Default ResourceManager initialization complete.
2019-08-14 22:42:55,566 - Loaded System Directive: org.apache.velocity.runtime.directive.Literal
2019-08-14 22:42:55,568 - Loaded System Directive: org.apache.velocity.runtime.directive.Macro
2019-08-14 22:42:55,569 - Loaded System Directive: org.apache.velocity.runtime.directive.Parse
2019-08-14 22:42:55,570 - Loaded System Directive: org.apache.velocity.runtime.directive.Include
2019-08-14 22:42:55,571 - Loaded System Directive: org.apache.velocity.runtime.directive.Foreach
2019-08-14 22:42:55,591 - Created: 20 parsers.
2019-08-14 22:42:55,595 - Velocimacro : initialization starting.
2019-08-14 22:42:55,595 - Velocimacro : adding VMs from VM library template : VM_global_library.vm
2019-08-14 22:42:55,597 - ResourceManager : unable to find resource 'VM_global_library.vm' in any resource loader.
2019-08-14 22:42:55,597 - Velocimacro : error using  VM library template VM_global_library.vm : org.apache.velocity.exception.ResourceNotFoundException: Unable to find resource 'VM_global_library.vm'
2019-08-14 22:42:55,597 - Velocimacro :  VM library template macro registration complete.
2019-08-14 22:42:55,597 - Velocimacro : allowInline = true : VMs can be defined inline in templates
2019-08-14 22:42:55,597 - Velocimacro : allowInlineToOverride = false : VMs defined inline may NOT replace previous VM definitions
2019-08-14 22:42:55,597 - Velocimacro : allowInlineLocal = false : VMs defined inline will be  global in scope if allowed.
2019-08-14 22:42:55,597 - Velocimacro : messages on  : VM system will output logging messages
2019-08-14 22:42:55,597 - Velocimacro : autoload off  : VM system will not automatically reload global library macros
2019-08-14 22:42:55,597 - Velocimacro : initialization complete.
2019-08-14 22:42:55,597 - Velocity successfully started.
2019-08-14 22:43:44,656 - SimpleLog4JLogSystem initialized using logfile 'velocity.log'
2019-08-14 22:43:44,656 - ************************************************************** 
2019-08-14 22:43:44,656 - Starting Jakarta Velocity v1.4
2019-08-14 22:43:44,657 - RuntimeInstance initializing.
2019-08-14 22:43:44,657 - Default Properties File: org\apache\velocity\runtime\defaults\velocity.properties
2019-08-14 22:43:44,657 - Trying to use logger class org.apache.velocity.runtime.log.SimpleLog4JLogSystem
2019-08-14 22:43:44,657 - Using logger class org.apache.velocity.runtime.log.SimpleLog4JLogSystem
2019-08-14 22:43:44,658 - Default ResourceManager initializing. (class org.apache.velocity.runtime.resource.ResourceManagerImpl)
2019-08-14 22:43:44,659 - Resource Loader Instantiated: org.apache.velocity.runtime.resource.loader.ClasspathResourceLoader
2019-08-14 22:43:44,660 - ClasspathResourceLoader : initialization starting.
2019-08-14 22:43:44,660 - ClasspathResourceLoader : initialization complete.
2019-08-14 22:43:44,660 - ResourceCache : initialized. (class org.apache.velocity.runtime.resource.ResourceCacheImpl)
2019-08-14 22:43:44,660 - Default ResourceManager initialization complete.
2019-08-14 22:43:44,661 - Loaded System Directive: org.apache.velocity.runtime.directive.Literal
2019-08-14 22:43:44,662 - Loaded System Directive: org.apache.velocity.runtime.directive.Macro
2019-08-14 22:43:44,664 - Loaded System Directive: org.apache.velocity.runtime.directive.Parse
2019-08-14 22:43:44,665 - Loaded System Directive: org.apache.velocity.runtime.directive.Include
2019-08-14 22:43:44,665 - Loaded System Directive: org.apache.velocity.runtime.directive.Foreach
2019-08-14 22:43:44,683 - Created: 20 parsers.
2019-08-14 22:43:44,686 - Velocimacro : initialization starting.
2019-08-14 22:43:44,687 - Velocimacro : adding VMs from VM library template : VM_global_library.vm
2019-08-14 22:43:44,689 - ResourceManager : unable to find resource 'VM_global_library.vm' in any resource loader.
2019-08-14 22:43:44,689 - Velocimacro : error using  VM library template VM_global_library.vm : org.apache.velocity.exception.ResourceNotFoundException: Unable to find resource 'VM_global_library.vm'
2019-08-14 22:43:44,689 - Velocimacro :  VM library template macro registration complete.
2019-08-14 22:43:44,689 - Velocimacro : allowInline = true : VMs can be defined inline in templates
2019-08-14 22:43:44,689 - Velocimacro : allowInlineToOverride = false : VMs defined inline may NOT replace previous VM definitions
2019-08-14 22:43:44,689 - Velocimacro : allowInlineLocal = false : VMs defined inline will be  global in scope if allowed.
2019-08-14 22:43:44,689 - Velocimacro : messages on  : VM system will output logging messages
2019-08-14 22:43:44,689 - Velocimacro : autoload off  : VM system will not automatically reload global library macros
2019-08-14 22:43:44,689 - Velocimacro : initialization complete.
2019-08-14 22:43:44,689 - Velocity successfully started.
2019-08-20 16:43:31,344 - SimpleLog4JLogSystem initialized using logfile 'velocity.log'
2019-08-20 16:43:31,344 - ************************************************************** 
2019-08-20 16:43:31,344 - Starting Jakarta Velocity v1.4
2019-08-20 16:43:31,344 - RuntimeInstance initializing.
2019-08-20 16:43:31,344 - Default Properties File: org\apache\velocity\runtime\defaults\velocity.properties
2019-08-20 16:43:31,344 - Trying to use logger class org.apache.velocity.runtime.log.SimpleLog4JLogSystem
2019-08-20 16:43:31,344 - Using logger class org.apache.velocity.runtime.log.SimpleLog4JLogSystem
2019-08-20 16:43:31,347 - Default ResourceManager initializing. (class org.apache.velocity.runtime.resource.ResourceManagerImpl)
2019-08-20 16:43:31,349 - Resource Loader Instantiated: org.apache.velocity.runtime.resource.loader.ClasspathResourceLoader
2019-08-20 16:43:31,349 - ClasspathResourceLoader : initialization starting.
2019-08-20 16:43:31,349 - ClasspathResourceLoader : initialization complete.
2019-08-20 16:43:31,350 - ResourceCache : initialized. (class org.apache.velocity.runtime.resource.ResourceCacheImpl)
2019-08-20 16:43:31,350 - Default ResourceManager initialization complete.
2019-08-20 16:43:31,351 - Loaded System Directive: org.apache.velocity.runtime.directive.Literal
2019-08-20 16:43:31,352 - Loaded System Directive: org.apache.velocity.runtime.directive.Macro
2019-08-20 16:43:31,353 - Loaded System Directive: org.apache.velocity.runtime.directive.Parse
2019-08-20 16:43:31,354 - Loaded System Directive: org.apache.velocity.runtime.directive.Include
2019-08-20 16:43:31,355 - Loaded System Directive: org.apache.velocity.runtime.directive.Foreach
2019-08-20 16:43:31,374 - Created: 20 parsers.
2019-08-20 16:43:31,378 - Velocimacro : initialization starting.
2019-08-20 16:43:31,378 - Velocimacro : adding VMs from VM library template : VM_global_library.vm
2019-08-20 16:43:31,380 - ResourceManager : unable to find resource 'VM_global_library.vm' in any resource loader.
2019-08-20 16:43:31,380 - Velocimacro : error using  VM library template VM_global_library.vm : org.apache.velocity.exception.ResourceNotFoundException: Unable to find resource 'VM_global_library.vm'
2019-08-20 16:43:31,380 - Velocimacro :  VM library template macro registration complete.
2019-08-20 16:43:31,380 - Velocimacro : allowInline = true : VMs can be defined inline in templates
2019-08-20 16:43:31,380 - Velocimacro : allowInlineToOverride = false : VMs defined inline may NOT replace previous VM definitions
2019-08-20 16:43:31,380 - Velocimacro : allowInlineLocal = false : VMs defined inline will be  global in scope if allowed.
2019-08-20 16:43:31,380 - Velocimacro : messages on  : VM system will output logging messages
2019-08-20 16:43:31,380 - Velocimacro : autoload off  : VM system will not automatically reload global library macros
2019-08-20 16:43:31,380 - Velocimacro : initialization complete.
2019-08-20 16:43:31,380 - Velocity successfully started.
2019-08-20 16:45:24,385 - ResourceManager : found repast/simphony/parameter/parameters.vt with loader org.apache.velocity.runtime.resource.loader.ClasspathResourceLoader
2019-08-20 16:45:58,208 - ResourceManager : found repast/simphony/scenario/Scenario.vt with loader org.apache.velocity.runtime.resource.loader.ClasspathResourceLoader
2019-08-20 16:46:37,253 - SimpleLog4JLogSystem initialized using logfile 'velocity.log'
2019-08-20 16:46:37,254 - ************************************************************** 
2019-08-20 16:46:37,254 - Starting Jakarta Velocity v1.4
2019-08-20 16:46:37,254 - RuntimeInstance initializing.
2019-08-20 16:46:37,254 - Default Properties File: org\apache\velocity\runtime\defaults\velocity.properties
2019-08-20 16:46:37,254 - Trying to use logger class org.apache.velocity.runtime.log.SimpleLog4JLogSystem
2019-08-20 16:46:37,254 - Using logger class org.apache.velocity.runtime.log.SimpleLog4JLogSystem
2019-08-20 16:46:37,257 - Default ResourceManager initializing. (class org.apache.velocity.runtime.resource.ResourceManagerImpl)
2019-08-20 16:46:37,258 - Resource Loader Instantiated: org.apache.velocity.runtime.resource.loader.ClasspathResourceLoader
2019-08-20 16:46:37,258 - ClasspathResourceLoader : initialization starting.
2019-08-20 16:46:37,258 - ClasspathResourceLoader : initialization complete.
2019-08-20 16:46:37,258 - ResourceCache : initialized. (class org.apache.velocity.runtime.resource.ResourceCacheImpl)
2019-08-20 16:46:37,258 - Default ResourceManager initialization complete.
2019-08-20 16:46:37,259 - Loaded System Directive: org.apache.velocity.runtime.directive.Literal
2019-08-20 16:46:37,260 - Loaded System Directive: org.apache.velocity.runtime.directive.Macro
2019-08-20 16:46:37,261 - Loaded System Directive: org.apache.velocity.runtime.directive.Parse
2019-08-20 16:46:37,262 - Loaded System Directive: org.apache.velocity.runtime.directive.Include
2019-08-20 16:46:37,263 - Loaded System Directive: org.apache.velocity.runtime.directive.Foreach
2019-08-20 16:46:37,281 - Created: 20 parsers.
2019-08-20 16:46:37,284 - Velocimacro : initialization starting.
2019-08-20 16:46:37,284 - Velocimacro : adding VMs from VM library template : VM_global_library.vm
2019-08-20 16:46:37,286 - ResourceManager : unable to find resource 'VM_global_library.vm' in any resource loader.
2019-08-20 16:46:37,286 - Velocimacro : error using  VM library template VM_global_library.vm : org.apache.velocity.exception.ResourceNotFoundException: Unable to find resource 'VM_global_library.vm'
2019-08-20 16:46:37,286 - Velocimacro :  VM library template macro registration complete.
2019-08-20 16:46:37,286 - Velocimacro : allowInline = true : VMs can be defined inline in templates
2019-08-20 16:46:37,286 - Velocimacro : allowInlineToOverride = false : VMs defined inline may NOT replace previous VM definitions
2019-08-20 16:46:37,286 - Velocimacro : allowInlineLocal = false : VMs defined inline will be  global in scope if allowed.
2019-08-20 16:46:37,286 - Velocimacro : messages on  : VM system will output logging messages
2019-08-20 16:46:37,286 - Velocimacro : autoload off  : VM system will not automatically reload global library macros
2019-08-20 16:46:37,286 - Velocimacro : initialization complete.
2019-08-20 16:46:37,287 - Velocity successfully started.
2019-08-21 10:39:57,398 - SimpleLog4JLogSystem initialized using logfile 'velocity.log'
2019-08-21 10:39:57,399 - ************************************************************** 
2019-08-21 10:39:57,399 - Starting Jakarta Velocity v1.4
2019-08-21 10:39:57,399 - RuntimeInstance initializing.
2019-08-21 10:39:57,399 - Default Properties File: org\apache\velocity\runtime\defaults\velocity.properties
2019-08-21 10:39:57,399 - Trying to use logger class org.apache.velocity.runtime.log.SimpleLog4JLogSystem
2019-08-21 10:39:57,399 - Using logger class org.apache.velocity.runtime.log.SimpleLog4JLogSystem
2019-08-21 10:39:57,401 - Default ResourceManager initializing. (class org.apache.velocity.runtime.resource.ResourceManagerImpl)
2019-08-21 10:39:57,402 - Resource Loader Instantiated: org.apache.velocity.runtime.resource.loader.ClasspathResourceLoader
2019-08-21 10:39:57,403 - ClasspathResourceLoader : initialization starting.
2019-08-21 10:39:57,403 - ClasspathResourceLoader : initialization complete.
2019-08-21 10:39:57,404 - ResourceCache : initialized. (class org.apache.velocity.runtime.resource.ResourceCacheImpl)
2019-08-21 10:39:57,404 - Default ResourceManager initialization complete.
2019-08-21 10:39:57,405 - Loaded System Directive: org.apache.velocity.runtime.directive.Literal
2019-08-21 10:39:57,407 - Loaded System Directive: org.apache.velocity.runtime.directive.Macro
2019-08-21 10:39:57,408 - Loaded System Directive: org.apache.velocity.runtime.directive.Parse
2019-08-21 10:39:57,410 - Loaded System Directive: org.apache.velocity.runtime.directive.Include
2019-08-21 10:39:57,411 - Loaded System Directive: org.apache.velocity.runtime.directive.Foreach
2019-08-21 10:39:57,435 - Created: 20 parsers.
2019-08-21 10:39:57,440 - Velocimacro : initialization starting.
2019-08-21 10:39:57,440 - Velocimacro : adding VMs from VM library template : VM_global_library.vm
2019-08-21 10:39:57,442 - ResourceManager : unable to find resource 'VM_global_library.vm' in any resource loader.
2019-08-21 10:39:57,442 - Velocimacro : error using  VM library template VM_global_library.vm : org.apache.velocity.exception.ResourceNotFoundException: Unable to find resource 'VM_global_library.vm'
2019-08-21 10:39:57,442 - Velocimacro :  VM library template macro registration complete.
2019-08-21 10:39:57,442 - Velocimacro : allowInline = true : VMs can be defined inline in templates
2019-08-21 10:39:57,442 - Velocimacro : allowInlineToOverride = false : VMs defined inline may NOT replace previous VM definitions
2019-08-21 10:39:57,442 - Velocimacro : allowInlineLocal = false : VMs defined inline will be  global in scope if allowed.
2019-08-21 10:39:57,442 - Velocimacro : messages on  : VM system will output logging messages
2019-08-21 10:39:57,442 - Velocimacro : autoload off  : VM system will not automatically reload global library macros
2019-08-21 10:39:57,442 - Velocimacro : initialization complete.
2019-08-21 10:39:57,442 - Velocity successfully started.
2019-08-21 10:45:11,512 - SimpleLog4JLogSystem initialized using logfile 'velocity.log'
2019-08-21 10:45:11,512 - ************************************************************** 
2019-08-21 10:45:11,512 - Starting Jakarta Velocity v1.4
2019-08-21 10:45:11,512 - RuntimeInstance initializing.
2019-08-21 10:45:11,512 - Default Properties File: org\apache\velocity\runtime\defaults\velocity.properties
2019-08-21 10:45:11,512 - Trying to use logger class org.apache.velocity.runtime.log.SimpleLog4JLogSystem
2019-08-21 10:45:11,512 - Using logger class org.apache.velocity.runtime.log.SimpleLog4JLogSystem
2019-08-21 10:45:11,514 - Default ResourceManager initializing. (class org.apache.velocity.runtime.resource.ResourceManagerImpl)
2019-08-21 10:45:11,515 - Resource Loader Instantiated: org.apache.velocity.runtime.resource.loader.ClasspathResourceLoader
2019-08-21 10:45:11,515 - ClasspathResourceLoader : initialization starting.
2019-08-21 10:45:11,515 - ClasspathResourceLoader : initialization complete.
2019-08-21 10:45:11,516 - ResourceCache : initialized. (class org.apache.velocity.runtime.resource.ResourceCacheImpl)
2019-08-21 10:45:11,516 - Default ResourceManager initialization complete.
2019-08-21 10:45:11,517 - Loaded System Directive: org.apache.velocity.runtime.directive.Literal
2019-08-21 10:45:11,518 - Loaded System Directive: org.apache.velocity.runtime.directive.Macro
2019-08-21 10:45:11,520 - Loaded System Directive: org.apache.velocity.runtime.directive.Parse
2019-08-21 10:45:11,521 - Loaded System Directive: org.apache.velocity.runtime.directive.Include
2019-08-21 10:45:11,521 - Loaded System Directive: org.apache.velocity.runtime.directive.Foreach
2019-08-21 10:45:11,540 - Created: 20 parsers.
2019-08-21 10:45:11,545 - Velocimacro : initialization starting.
2019-08-21 10:45:11,545 - Velocimacro : adding VMs from VM library template : VM_global_library.vm
2019-08-21 10:45:11,547 - ResourceManager : unable to find resource 'VM_global_library.vm' in any resource loader.
2019-08-21 10:45:11,547 - Velocimacro : error using  VM library template VM_global_library.vm : org.apache.velocity.exception.ResourceNotFoundException: Unable to find resource 'VM_global_library.vm'
2019-08-21 10:45:11,547 - Velocimacro :  VM library template macro registration complete.
2019-08-21 10:45:11,547 - Velocimacro : allowInline = true : VMs can be defined inline in templates
2019-08-21 10:45:11,547 - Velocimacro : allowInlineToOverride = false : VMs defined inline may NOT replace previous VM definitions
2019-08-21 10:45:11,547 - Velocimacro : allowInlineLocal = false : VMs defined inline will be  global in scope if allowed.
2019-08-21 10:45:11,548 - Velocimacro : messages on  : VM system will output logging messages
2019-08-21 10:45:11,548 - Velocimacro : autoload off  : VM system will not automatically reload global library macros
2019-08-21 10:45:11,548 - Velocimacro : initialization complete.
2019-08-21 10:45:11,548 - Velocity successfully started.
2019-08-21 11:05:03,564 - SimpleLog4JLogSystem initialized using logfile 'velocity.log'
2019-08-21 11:05:03,564 - ************************************************************** 
2019-08-21 11:05:03,564 - Starting Jakarta Velocity v1.4
2019-08-21 11:05:03,564 - RuntimeInstance initializing.
2019-08-21 11:05:03,564 - Default Properties File: org\apache\velocity\runtime\defaults\velocity.properties
2019-08-21 11:05:03,564 - Trying to use logger class org.apache.velocity.runtime.log.SimpleLog4JLogSystem
2019-08-21 11:05:03,564 - Using logger class org.apache.velocity.runtime.log.SimpleLog4JLogSystem
2019-08-21 11:05:03,566 - Default ResourceManager initializing. (class org.apache.velocity.runtime.resource.ResourceManagerImpl)
2019-08-21 11:05:03,567 - Resource Loader Instantiated: org.apache.velocity.runtime.resource.loader.ClasspathResourceLoader
2019-08-21 11:05:03,567 - ClasspathResourceLoader : initialization starting.
2019-08-21 11:05:03,567 - ClasspathResourceLoader : initialization complete.
2019-08-21 11:05:03,568 - ResourceCache : initialized. (class org.apache.velocity.runtime.resource.ResourceCacheImpl)
2019-08-21 11:05:03,568 - Default ResourceManager initialization complete.
2019-08-21 11:05:03,569 - Loaded System Directive: org.apache.velocity.runtime.directive.Literal
2019-08-21 11:05:03,570 - Loaded System Directive: org.apache.velocity.runtime.directive.Macro
2019-08-21 11:05:03,571 - Loaded System Directive: org.apache.velocity.runtime.directive.Parse
2019-08-21 11:05:03,573 - Loaded System Directive: org.apache.velocity.runtime.directive.Include
2019-08-21 11:05:03,573 - Loaded System Directive: org.apache.velocity.runtime.directive.Foreach
2019-08-21 11:05:03,593 - Created: 20 parsers.
2019-08-21 11:05:03,598 - Velocimacro : initialization starting.
2019-08-21 11:05:03,598 - Velocimacro : adding VMs from VM library template : VM_global_library.vm
2019-08-21 11:05:03,600 - ResourceManager : unable to find resource 'VM_global_library.vm' in any resource loader.
2019-08-21 11:05:03,601 - Velocimacro : error using  VM library template VM_global_library.vm : org.apache.velocity.exception.ResourceNotFoundException: Unable to find resource 'VM_global_library.vm'
2019-08-21 11:05:03,601 - Velocimacro :  VM library template macro registration complete.
2019-08-21 11:05:03,601 - Velocimacro : allowInline = true : VMs can be defined inline in templates
2019-08-21 11:05:03,601 - Velocimacro : allowInlineToOverride = false : VMs defined inline may NOT replace previous VM definitions
2019-08-21 11:05:03,601 - Velocimacro : allowInlineLocal = false : VMs defined inline will be  global in scope if allowed.
2019-08-21 11:05:03,601 - Velocimacro : messages on  : VM system will output logging messages
2019-08-21 11:05:03,601 - Velocimacro : autoload off  : VM system will not automatically reload global library macros
2019-08-21 11:05:03,601 - Velocimacro : initialization complete.
2019-08-21 11:05:03,601 - Velocity successfully started.
2019-08-21 13:22:09,667 - SimpleLog4JLogSystem initialized using logfile 'velocity.log'
2019-08-21 13:22:09,667 - ************************************************************** 
2019-08-21 13:22:09,667 - Starting Jakarta Velocity v1.4
2019-08-21 13:22:09,667 - RuntimeInstance initializing.
2019-08-21 13:22:09,667 - Default Properties File: org\apache\velocity\runtime\defaults\velocity.properties
2019-08-21 13:22:09,668 - Trying to use logger class org.apache.velocity.runtime.log.SimpleLog4JLogSystem
2019-08-21 13:22:09,668 - Using logger class org.apache.velocity.runtime.log.SimpleLog4JLogSystem
2019-08-21 13:22:09,670 - Default ResourceManager initializing. (class org.apache.velocity.runtime.resource.ResourceManagerImpl)
2019-08-21 13:22:09,672 - Resource Loader Instantiated: org.apache.velocity.runtime.resource.loader.ClasspathResourceLoader
2019-08-21 13:22:09,672 - ClasspathResourceLoader : initialization starting.
2019-08-21 13:22:09,672 - ClasspathResourceLoader : initialization complete.
2019-08-21 13:22:09,673 - ResourceCache : initialized. (class org.apache.velocity.runtime.resource.ResourceCacheImpl)
2019-08-21 13:22:09,673 - Default ResourceManager initialization complete.
2019-08-21 13:22:09,674 - Loaded System Directive: org.apache.velocity.runtime.directive.Literal
2019-08-21 13:22:09,674 - Loaded System Directive: org.apache.velocity.runtime.directive.Macro
2019-08-21 13:22:09,675 - Loaded System Directive: org.apache.velocity.runtime.directive.Parse
2019-08-21 13:22:09,676 - Loaded System Directive: org.apache.velocity.runtime.directive.Include
2019-08-21 13:22:09,677 - Loaded System Directive: org.apache.velocity.runtime.directive.Foreach
2019-08-21 13:22:09,695 - Created: 20 parsers.
2019-08-21 13:22:09,699 - Velocimacro : initialization starting.
2019-08-21 13:22:09,699 - Velocimacro : adding VMs from VM library template : VM_global_library.vm
2019-08-21 13:22:09,701 - ResourceManager : unable to find resource 'VM_global_library.vm' in any resource loader.
2019-08-21 13:22:09,701 - Velocimacro : error using  VM library template VM_global_library.vm : org.apache.velocity.exception.ResourceNotFoundException: Unable to find resource 'VM_global_library.vm'
2019-08-21 13:22:09,702 - Velocimacro :  VM library template macro registration complete.
2019-08-21 13:22:09,702 - Velocimacro : allowInline = true : VMs can be defined inline in templates
2019-08-21 13:22:09,702 - Velocimacro : allowInlineToOverride = false : VMs defined inline may NOT replace previous VM definitions
2019-08-21 13:22:09,702 - Velocimacro : allowInlineLocal = false : VMs defined inline will be  global in scope if allowed.
2019-08-21 13:22:09,702 - Velocimacro : messages on  : VM system will output logging messages
2019-08-21 13:22:09,702 - Velocimacro : autoload off  : VM system will not automatically reload global library macros
2019-08-21 13:22:09,702 - Velocimacro : initialization complete.
2019-08-21 13:22:09,702 - Velocity successfully started.
2019-08-21 13:22:41,472 - ResourceManager : found repast/simphony/scenario/Scenario.vt with loader org.apache.velocity.runtime.resource.loader.ClasspathResourceLoader
2019-08-21 13:24:10,071 - SimpleLog4JLogSystem initialized using logfile 'velocity.log'
2019-08-21 13:24:10,071 - ************************************************************** 
2019-08-21 13:24:10,071 - Starting Jakarta Velocity v1.4
2019-08-21 13:24:10,071 - RuntimeInstance initializing.
2019-08-21 13:24:10,071 - Default Properties File: org\apache\velocity\runtime\defaults\velocity.properties
2019-08-21 13:24:10,072 - Trying to use logger class org.apache.velocity.runtime.log.SimpleLog4JLogSystem
2019-08-21 13:24:10,072 - Using logger class org.apache.velocity.runtime.log.SimpleLog4JLogSystem
2019-08-21 13:24:10,073 - Default ResourceManager initializing. (class org.apache.velocity.runtime.resource.ResourceManagerImpl)
2019-08-21 13:24:10,075 - Resource Loader Instantiated: org.apache.velocity.runtime.resource.loader.ClasspathResourceLoader
2019-08-21 13:24:10,075 - ClasspathResourceLoader : initialization starting.
2019-08-21 13:24:10,075 - ClasspathResourceLoader : initialization complete.
2019-08-21 13:24:10,076 - ResourceCache : initialized. (class org.apache.velocity.runtime.resource.ResourceCacheImpl)
2019-08-21 13:24:10,076 - Default ResourceManager initialization complete.
2019-08-21 13:24:10,077 - Loaded System Directive: org.apache.velocity.runtime.directive.Literal
2019-08-21 13:24:10,078 - Loaded System Directive: org.apache.velocity.runtime.directive.Macro
2019-08-21 13:24:10,079 - Loaded System Directive: org.apache.velocity.runtime.directive.Parse
2019-08-21 13:24:10,080 - Loaded System Directive: org.apache.velocity.runtime.directive.Include
2019-08-21 13:24:10,081 - Loaded System Directive: org.apache.velocity.runtime.directive.Foreach
2019-08-21 13:24:10,099 - Created: 20 parsers.
2019-08-21 13:24:10,103 - Velocimacro : initialization starting.
2019-08-21 13:24:10,103 - Velocimacro : adding VMs from VM library template : VM_global_library.vm
2019-08-21 13:24:10,105 - ResourceManager : unable to find resource 'VM_global_library.vm' in any resource loader.
2019-08-21 13:24:10,105 - Velocimacro : error using  VM library template VM_global_library.vm : org.apache.velocity.exception.ResourceNotFoundException: Unable to find resource 'VM_global_library.vm'
2019-08-21 13:24:10,105 - Velocimacro :  VM library template macro registration complete.
2019-08-21 13:24:10,106 - Velocimacro : allowInline = true : VMs can be defined inline in templates
2019-08-21 13:24:10,106 - Velocimacro : allowInlineToOverride = false : VMs defined inline may NOT replace previous VM definitions
2019-08-21 13:24:10,106 - Velocimacro : allowInlineLocal = false : VMs defined inline will be  global in scope if allowed.
2019-08-21 13:24:10,106 - Velocimacro : messages on  : VM system will output logging messages
2019-08-21 13:24:10,106 - Velocimacro : autoload off  : VM system will not automatically reload global library macros
2019-08-21 13:24:10,106 - Velocimacro : initialization complete.
2019-08-21 13:24:10,106 - Velocity successfully started.
2019-08-21 13:24:33,745 - ResourceManager : found repast/simphony/scenario/Scenario.vt with loader org.apache.velocity.runtime.resource.loader.ClasspathResourceLoader
2019-08-21 13:46:36,388 - SimpleLog4JLogSystem initialized using logfile 'velocity.log'
2019-08-21 13:46:36,389 - ************************************************************** 
2019-08-21 13:46:36,389 - Starting Jakarta Velocity v1.4
2019-08-21 13:46:36,389 - RuntimeInstance initializing.
2019-08-21 13:46:36,389 - Default Properties File: org\apache\velocity\runtime\defaults\velocity.properties
2019-08-21 13:46:36,389 - Trying to use logger class org.apache.velocity.runtime.log.SimpleLog4JLogSystem
2019-08-21 13:46:36,389 - Using logger class org.apache.velocity.runtime.log.SimpleLog4JLogSystem
2019-08-21 13:46:36,391 - Default ResourceManager initializing. (class org.apache.velocity.runtime.resource.ResourceManagerImpl)
2019-08-21 13:46:36,392 - Resource Loader Instantiated: org.apache.velocity.runtime.resource.loader.ClasspathResourceLoader
2019-08-21 13:46:36,392 - ClasspathResourceLoader : initialization starting.
2019-08-21 13:46:36,392 - ClasspathResourceLoader : initialization complete.
2019-08-21 13:46:36,393 - ResourceCache : initialized. (class org.apache.velocity.runtime.resource.ResourceCacheImpl)
2019-08-21 13:46:36,393 - Default ResourceManager initialization complete.
2019-08-21 13:46:36,394 - Loaded System Directive: org.apache.velocity.runtime.directive.Literal
2019-08-21 13:46:36,395 - Loaded System Directive: org.apache.velocity.runtime.directive.Macro
2019-08-21 13:46:36,397 - Loaded System Directive: org.apache.velocity.runtime.directive.Parse
2019-08-21 13:46:36,398 - Loaded System Directive: org.apache.velocity.runtime.directive.Include
2019-08-21 13:46:36,398 - Loaded System Directive: org.apache.velocity.runtime.directive.Foreach
2019-08-21 13:46:36,416 - Created: 20 parsers.
2019-08-21 13:46:36,421 - Velocimacro : initialization starting.
2019-08-21 13:46:36,421 - Velocimacro : adding VMs from VM library template : VM_global_library.vm
2019-08-21 13:46:36,424 - ResourceManager : unable to find resource 'VM_global_library.vm' in any resource loader.
2019-08-21 13:46:36,424 - Velocimacro : error using  VM library template VM_global_library.vm : org.apache.velocity.exception.ResourceNotFoundException: Unable to find resource 'VM_global_library.vm'
2019-08-21 13:46:36,424 - Velocimacro :  VM library template macro registration complete.
2019-08-21 13:46:36,424 - Velocimacro : allowInline = true : VMs can be defined inline in templates
2019-08-21 13:46:36,424 - Velocimacro : allowInlineToOverride = false : VMs defined inline may NOT replace previous VM definitions
2019-08-21 13:46:36,424 - Velocimacro : allowInlineLocal = false : VMs defined inline will be  global in scope if allowed.
2019-08-21 13:46:36,424 - Velocimacro : messages on  : VM system will output logging messages
2019-08-21 13:46:36,424 - Velocimacro : autoload off  : VM system will not automatically reload global library macros
2019-08-21 13:46:36,424 - Velocimacro : initialization complete.
2019-08-21 13:46:36,424 - Velocity successfully started.
2019-08-21 15:56:45,310 - SimpleLog4JLogSystem initialized using logfile 'velocity.log'
2019-08-21 15:56:45,310 - ************************************************************** 
2019-08-21 15:56:45,310 - Starting Jakarta Velocity v1.4
2019-08-21 15:56:45,310 - RuntimeInstance initializing.
2019-08-21 15:56:45,310 - Default Properties File: org\apache\velocity\runtime\defaults\velocity.properties
2019-08-21 15:56:45,310 - Trying to use logger class org.apache.velocity.runtime.log.SimpleLog4JLogSystem
2019-08-21 15:56:45,310 - Using logger class org.apache.velocity.runtime.log.SimpleLog4JLogSystem
2019-08-21 15:56:45,311 - SimpleLog4JLogSystem initialized using logfile 'velocity.log'
2019-08-21 15:56:45,311 - ************************************************************** 
2019-08-21 15:56:45,311 - Starting Jakarta Velocity v1.4
2019-08-21 15:56:45,311 - RuntimeInstance initializing.
2019-08-21 15:56:45,311 - Default Properties File: org\apache\velocity\runtime\defaults\velocity.properties
2019-08-21 15:56:45,311 - Trying to use logger class org.apache.velocity.runtime.log.SimpleLog4JLogSystem
2019-08-21 15:56:45,311 - Using logger class org.apache.velocity.runtime.log.SimpleLog4JLogSystem
2019-08-21 15:56:45,314 - Default ResourceManager initializing. (class org.apache.velocity.runtime.resource.ResourceManagerImpl)
2019-08-21 15:56:45,314 - Default ResourceManager initializing. (class org.apache.velocity.runtime.resource.ResourceManagerImpl)
2019-08-21 15:56:45,315 - Resource Loader Instantiated: org.apache.velocity.runtime.resource.loader.ClasspathResourceLoader
2019-08-21 15:56:45,315 - ClasspathResourceLoader : initialization starting.
2019-08-21 15:56:45,316 - ClasspathResourceLoader : initialization complete.
2019-08-21 15:56:45,316 - Resource Loader Instantiated: org.apache.velocity.runtime.resource.loader.ClasspathResourceLoader
2019-08-21 15:56:45,316 - ClasspathResourceLoader : initialization starting.
2019-08-21 15:56:45,316 - ClasspathResourceLoader : initialization complete.
2019-08-21 15:56:45,317 - ResourceCache : initialized. (class org.apache.velocity.runtime.resource.ResourceCacheImpl)
2019-08-21 15:56:45,317 - Default ResourceManager initialization complete.
2019-08-21 15:56:45,317 - ResourceCache : initialized. (class org.apache.velocity.runtime.resource.ResourceCacheImpl)
2019-08-21 15:56:45,317 - Default ResourceManager initialization complete.
2019-08-21 15:56:45,318 - Loaded System Directive: org.apache.velocity.runtime.directive.Literal
2019-08-21 15:56:45,318 - Loaded System Directive: org.apache.velocity.runtime.directive.Literal
2019-08-21 15:56:45,320 - Loaded System Directive: org.apache.velocity.runtime.directive.Macro
2019-08-21 15:56:45,320 - Loaded System Directive: org.apache.velocity.runtime.directive.Macro
2019-08-21 15:56:45,321 - Loaded System Directive: org.apache.velocity.runtime.directive.Parse
2019-08-21 15:56:45,322 - Loaded System Directive: org.apache.velocity.runtime.directive.Parse
2019-08-21 15:56:45,323 - Loaded System Directive: org.apache.velocity.runtime.directive.Include
2019-08-21 15:56:45,324 - Loaded System Directive: org.apache.velocity.runtime.directive.Foreach
2019-08-21 15:56:45,324 - Loaded System Directive: org.apache.velocity.runtime.directive.Include
2019-08-21 15:56:45,325 - Loaded System Directive: org.apache.velocity.runtime.directive.Foreach
2019-08-21 15:56:45,364 - Created: 20 parsers.
2019-08-21 15:56:45,367 - Created: 20 parsers.
2019-08-21 15:56:45,369 - Velocimacro : initialization starting.
2019-08-21 15:56:45,369 - Velocimacro : adding VMs from VM library template : VM_global_library.vm
2019-08-21 15:56:45,371 - ResourceManager : unable to find resource 'VM_global_library.vm' in any resource loader.
2019-08-21 15:56:45,371 - Velocimacro : error using  VM library template VM_global_library.vm : org.apache.velocity.exception.ResourceNotFoundException: Unable to find resource 'VM_global_library.vm'
2019-08-21 15:56:45,371 - Velocimacro :  VM library template macro registration complete.
2019-08-21 15:56:45,371 - Velocimacro : allowInline = true : VMs can be defined inline in templates
2019-08-21 15:56:45,371 - Velocimacro : allowInlineToOverride = false : VMs defined inline may NOT replace previous VM definitions
2019-08-21 15:56:45,371 - Velocimacro : allowInlineLocal = false : VMs defined inline will be  global in scope if allowed.
2019-08-21 15:56:45,371 - Velocimacro : messages on  : VM system will output logging messages
2019-08-21 15:56:45,371 - Velocimacro : autoload off  : VM system will not automatically reload global library macros
2019-08-21 15:56:45,371 - Velocimacro : initialization complete.
2019-08-21 15:56:45,371 - Velocity successfully started.
2019-08-21 15:56:45,373 - Velocimacro : initialization starting.
2019-08-21 15:56:45,373 - Velocimacro : adding VMs from VM library template : VM_global_library.vm
2019-08-21 15:56:45,375 - ResourceManager : unable to find resource 'VM_global_library.vm' in any resource loader.
2019-08-21 15:56:45,376 - Velocimacro : error using  VM library template VM_global_library.vm : org.apache.velocity.exception.ResourceNotFoundException: Unable to find resource 'VM_global_library.vm'
2019-08-21 15:56:45,376 - Velocimacro :  VM library template macro registration complete.
2019-08-21 15:56:45,376 - Velocimacro : allowInline = true : VMs can be defined inline in templates
2019-08-21 15:56:45,376 - Velocimacro : allowInlineToOverride = false : VMs defined inline may NOT replace previous VM definitions
2019-08-21 15:56:45,376 - Velocimacro : allowInlineLocal = false : VMs defined inline will be  global in scope if allowed.
2019-08-21 15:56:45,376 - Velocimacro : messages on  : VM system will output logging messages
2019-08-21 15:56:45,376 - Velocimacro : autoload off  : VM system will not automatically reload global library macros
2019-08-21 15:56:45,376 - Velocimacro : initialization complete.
2019-08-21 15:56:45,376 - Velocity successfully started.
2019-08-21 16:00:16,658 - ResourceManager : found repast/simphony/scenario/Scenario.vt with loader org.apache.velocity.runtime.resource.loader.ClasspathResourceLoader
2019-08-21 16:01:05,197 - SimpleLog4JLogSystem initialized using logfile 'velocity.log'
2019-08-21 16:01:05,197 - ************************************************************** 
2019-08-21 16:01:05,197 - Starting Jakarta Velocity v1.4
2019-08-21 16:01:05,197 - RuntimeInstance initializing.
2019-08-21 16:01:05,197 - Default Properties File: org\apache\velocity\runtime\defaults\velocity.properties
2019-08-21 16:01:05,197 - Trying to use logger class org.apache.velocity.runtime.log.SimpleLog4JLogSystem
2019-08-21 16:01:05,198 - Using logger class org.apache.velocity.runtime.log.SimpleLog4JLogSystem
2019-08-21 16:01:05,199 - Default ResourceManager initializing. (class org.apache.velocity.runtime.resource.ResourceManagerImpl)
2019-08-21 16:01:05,201 - Resource Loader Instantiated: org.apache.velocity.runtime.resource.loader.ClasspathResourceLoader
2019-08-21 16:01:05,201 - ClasspathResourceLoader : initialization starting.
2019-08-21 16:01:05,201 - ClasspathResourceLoader : initialization complete.
2019-08-21 16:01:05,202 - ResourceCache : initialized. (class org.apache.velocity.runtime.resource.ResourceCacheImpl)
2019-08-21 16:01:05,202 - Default ResourceManager initialization complete.
2019-08-21 16:01:05,203 - Loaded System Directive: org.apache.velocity.runtime.directive.Literal
2019-08-21 16:01:05,204 - Loaded System Directive: org.apache.velocity.runtime.directive.Macro
2019-08-21 16:01:05,206 - Loaded System Directive: org.apache.velocity.runtime.directive.Parse
2019-08-21 16:01:05,207 - Loaded System Directive: org.apache.velocity.runtime.directive.Include
2019-08-21 16:01:05,207 - Loaded System Directive: org.apache.velocity.runtime.directive.Foreach
2019-08-21 16:01:05,226 - Created: 20 parsers.
2019-08-21 16:01:05,229 - Velocimacro : initialization starting.
2019-08-21 16:01:05,229 - Velocimacro : adding VMs from VM library template : VM_global_library.vm
2019-08-21 16:01:05,231 - ResourceManager : unable to find resource 'VM_global_library.vm' in any resource loader.
2019-08-21 16:01:05,231 - Velocimacro : error using  VM library template VM_global_library.vm : org.apache.velocity.exception.ResourceNotFoundException: Unable to find resource 'VM_global_library.vm'
2019-08-21 16:01:05,231 - Velocimacro :  VM library template macro registration complete.
2019-08-21 16:01:05,231 - Velocimacro : allowInline = true : VMs can be defined inline in templates
2019-08-21 16:01:05,231 - Velocimacro : allowInlineToOverride = false : VMs defined inline may NOT replace previous VM definitions
2019-08-21 16:01:05,232 - Velocimacro : allowInlineLocal = false : VMs defined inline will be  global in scope if allowed.
2019-08-21 16:01:05,232 - Velocimacro : messages on  : VM system will output logging messages
2019-08-21 16:01:05,232 - Velocimacro : autoload off  : VM system will not automatically reload global library macros
2019-08-21 16:01:05,232 - Velocimacro : initialization complete.
2019-08-21 16:01:05,232 - Velocity successfully started.
2019-08-22 11:10:14,723 - SimpleLog4JLogSystem initialized using logfile 'velocity.log'
2019-08-22 11:10:14,723 - ************************************************************** 
2019-08-22 11:10:14,723 - Starting Jakarta Velocity v1.4
2019-08-22 11:10:14,723 - RuntimeInstance initializing.
2019-08-22 11:10:14,723 - Default Properties File: org\apache\velocity\runtime\defaults\velocity.properties
2019-08-22 11:10:14,723 - Trying to use logger class org.apache.velocity.runtime.log.SimpleLog4JLogSystem
2019-08-22 11:10:14,723 - Using logger class org.apache.velocity.runtime.log.SimpleLog4JLogSystem
2019-08-22 11:10:14,725 - Default ResourceManager initializing. (class org.apache.velocity.runtime.resource.ResourceManagerImpl)
2019-08-22 11:10:14,728 - Resource Loader Instantiated: org.apache.velocity.runtime.resource.loader.ClasspathResourceLoader
2019-08-22 11:10:14,728 - ClasspathResourceLoader : initialization starting.
2019-08-22 11:10:14,728 - ClasspathResourceLoader : initialization complete.
2019-08-22 11:10:14,730 - ResourceCache : initialized. (class org.apache.velocity.runtime.resource.ResourceCacheImpl)
2019-08-22 11:10:14,730 - Default ResourceManager initialization complete.
2019-08-22 11:10:14,732 - Loaded System Directive: org.apache.velocity.runtime.directive.Literal
2019-08-22 11:10:14,734 - Loaded System Directive: org.apache.velocity.runtime.directive.Macro
2019-08-22 11:10:14,737 - Loaded System Directive: org.apache.velocity.runtime.directive.Parse
2019-08-22 11:10:14,738 - Loaded System Directive: org.apache.velocity.runtime.directive.Include
2019-08-22 11:10:14,739 - Loaded System Directive: org.apache.velocity.runtime.directive.Foreach
2019-08-22 11:10:14,761 - Created: 20 parsers.
2019-08-22 11:10:14,766 - Velocimacro : initialization starting.
2019-08-22 11:10:14,767 - Velocimacro : adding VMs from VM library template : VM_global_library.vm
2019-08-22 11:10:14,770 - ResourceManager : unable to find resource 'VM_global_library.vm' in any resource loader.
2019-08-22 11:10:14,770 - Velocimacro : error using  VM library template VM_global_library.vm : org.apache.velocity.exception.ResourceNotFoundException: Unable to find resource 'VM_global_library.vm'
2019-08-22 11:10:14,770 - Velocimacro :  VM library template macro registration complete.
2019-08-22 11:10:14,770 - Velocimacro : allowInline = true : VMs can be defined inline in templates
2019-08-22 11:10:14,770 - Velocimacro : allowInlineToOverride = false : VMs defined inline may NOT replace previous VM definitions
2019-08-22 11:10:14,770 - Velocimacro : allowInlineLocal = false : VMs defined inline will be  global in scope if allowed.
2019-08-22 11:10:14,770 - Velocimacro : messages on  : VM system will output logging messages
2019-08-22 11:10:14,770 - Velocimacro : autoload off  : VM system will not automatically reload global library macros
2019-08-22 11:10:14,770 - Velocimacro : initialization complete.
2019-08-22 11:10:14,770 - Velocity successfully started.
2019-08-23 17:10:33,467 - SimpleLog4JLogSystem initialized using logfile 'velocity.log'
2019-08-23 17:10:33,538 - ************************************************************** 
2019-08-23 17:10:33,538 - Starting Jakarta Velocity v1.4
2019-08-23 17:10:33,538 - RuntimeInstance initializing.
2019-08-23 17:10:33,538 - Default Properties File: org\apache\velocity\runtime\defaults\velocity.properties
2019-08-23 17:10:33,538 - Trying to use logger class org.apache.velocity.runtime.log.SimpleLog4JLogSystem
2019-08-23 17:10:33,538 - Using logger class org.apache.velocity.runtime.log.SimpleLog4JLogSystem
2019-08-23 17:10:33,541 - Default ResourceManager initializing. (class org.apache.velocity.runtime.resource.ResourceManagerImpl)
2019-08-23 17:10:33,543 - Resource Loader Instantiated: org.apache.velocity.runtime.resource.loader.ClasspathResourceLoader
2019-08-23 17:10:33,543 - ClasspathResourceLoader : initialization starting.
2019-08-23 17:10:33,543 - ClasspathResourceLoader : initialization complete.
2019-08-23 17:10:33,544 - ResourceCache : initialized. (class org.apache.velocity.runtime.resource.ResourceCacheImpl)
2019-08-23 17:10:33,544 - Default ResourceManager initialization complete.
2019-08-23 17:10:33,545 - Loaded System Directive: org.apache.velocity.runtime.directive.Literal
2019-08-23 17:10:33,547 - Loaded System Directive: org.apache.velocity.runtime.directive.Macro
2019-08-23 17:10:33,548 - Loaded System Directive: org.apache.velocity.runtime.directive.Parse
2019-08-23 17:10:33,550 - Loaded System Directive: org.apache.velocity.runtime.directive.Include
2019-08-23 17:10:33,551 - Loaded System Directive: org.apache.velocity.runtime.directive.Foreach
2019-08-23 17:10:33,571 - Created: 20 parsers.
2019-08-23 17:10:33,574 - Velocimacro : initialization starting.
2019-08-23 17:10:33,574 - Velocimacro : adding VMs from VM library template : VM_global_library.vm
2019-08-23 17:10:33,576 - ResourceManager : unable to find resource 'VM_global_library.vm' in any resource loader.
2019-08-23 17:10:33,576 - Velocimacro : error using  VM library template VM_global_library.vm : org.apache.velocity.exception.ResourceNotFoundException: Unable to find resource 'VM_global_library.vm'
2019-08-23 17:10:33,576 - Velocimacro :  VM library template macro registration complete.
2019-08-23 17:10:33,576 - Velocimacro : allowInline = true : VMs can be defined inline in templates
2019-08-23 17:10:33,576 - Velocimacro : allowInlineToOverride = false : VMs defined inline may NOT replace previous VM definitions
2019-08-23 17:10:33,576 - Velocimacro : allowInlineLocal = false : VMs defined inline will be  global in scope if allowed.
2019-08-23 17:10:33,576 - Velocimacro : messages on  : VM system will output logging messages
2019-08-23 17:10:33,576 - Velocimacro : autoload off  : VM system will not automatically reload global library macros
2019-08-23 17:10:33,576 - Velocimacro : initialization complete.
2019-08-23 17:10:33,576 - Velocity successfully started.
2019-08-24 11:17:30,056 - SimpleLog4JLogSystem initialized using logfile 'velocity.log'
2019-08-24 11:17:30,056 - ************************************************************** 
2019-08-24 11:17:30,056 - Starting Jakarta Velocity v1.4
2019-08-24 11:17:30,056 - RuntimeInstance initializing.
2019-08-24 11:17:30,056 - Default Properties File: org\apache\velocity\runtime\defaults\velocity.properties
2019-08-24 11:17:30,057 - Trying to use logger class org.apache.velocity.runtime.log.SimpleLog4JLogSystem
2019-08-24 11:17:30,057 - Using logger class org.apache.velocity.runtime.log.SimpleLog4JLogSystem
2019-08-24 11:17:30,059 - Default ResourceManager initializing. (class org.apache.velocity.runtime.resource.ResourceManagerImpl)
2019-08-24 11:17:30,060 - Resource Loader Instantiated: org.apache.velocity.runtime.resource.loader.ClasspathResourceLoader
2019-08-24 11:17:30,060 - ClasspathResourceLoader : initialization starting.
2019-08-24 11:17:30,060 - ClasspathResourceLoader : initialization complete.
2019-08-24 11:17:30,061 - ResourceCache : initialized. (class org.apache.velocity.runtime.resource.ResourceCacheImpl)
2019-08-24 11:17:30,061 - Default ResourceManager initialization complete.
2019-08-24 11:17:30,062 - Loaded System Directive: org.apache.velocity.runtime.directive.Literal
2019-08-24 11:17:30,063 - Loaded System Directive: org.apache.velocity.runtime.directive.Macro
2019-08-24 11:17:30,065 - Loaded System Directive: org.apache.velocity.runtime.directive.Parse
2019-08-24 11:17:30,066 - Loaded System Directive: org.apache.velocity.runtime.directive.Include
2019-08-24 11:17:30,067 - Loaded System Directive: org.apache.velocity.runtime.directive.Foreach
2019-08-24 11:17:30,088 - Created: 20 parsers.
2019-08-24 11:17:30,094 - Velocimacro : initialization starting.
2019-08-24 11:17:30,094 - Velocimacro : adding VMs from VM library template : VM_global_library.vm
2019-08-24 11:17:30,096 - ResourceManager : unable to find resource 'VM_global_library.vm' in any resource loader.
2019-08-24 11:17:30,096 - Velocimacro : error using  VM library template VM_global_library.vm : org.apache.velocity.exception.ResourceNotFoundException: Unable to find resource 'VM_global_library.vm'
2019-08-24 11:17:30,096 - Velocimacro :  VM library template macro registration complete.
2019-08-24 11:17:30,096 - Velocimacro : allowInline = true : VMs can be defined inline in templates
2019-08-24 11:17:30,096 - Velocimacro : allowInlineToOverride = false : VMs defined inline may NOT replace previous VM definitions
2019-08-24 11:17:30,096 - Velocimacro : allowInlineLocal = false : VMs defined inline will be  global in scope if allowed.
2019-08-24 11:17:30,096 - Velocimacro : messages on  : VM system will output logging messages
2019-08-24 11:17:30,096 - Velocimacro : autoload off  : VM system will not automatically reload global library macros
2019-08-24 11:17:30,096 - Velocimacro : initialization complete.
2019-08-24 11:17:30,096 - Velocity successfully started.
2019-08-24 12:50:02,639 - ResourceManager : found repast/simphony/parameter/parameters.vt with loader org.apache.velocity.runtime.resource.loader.ClasspathResourceLoader
2019-08-25 14:57:03,077 - SimpleLog4JLogSystem initialized using logfile 'velocity.log'
2019-08-25 14:57:03,090 - ************************************************************** 
2019-08-25 14:57:03,090 - Starting Jakarta Velocity v1.4
2019-08-25 14:57:03,090 - RuntimeInstance initializing.
2019-08-25 14:57:03,090 - Default Properties File: org\apache\velocity\runtime\defaults\velocity.properties
2019-08-25 14:57:03,090 - Trying to use logger class org.apache.velocity.runtime.log.SimpleLog4JLogSystem
2019-08-25 14:57:03,090 - Using logger class org.apache.velocity.runtime.log.SimpleLog4JLogSystem
2019-08-25 14:57:03,092 - Default ResourceManager initializing. (class org.apache.velocity.runtime.resource.ResourceManagerImpl)
2019-08-25 14:57:03,095 - Resource Loader Instantiated: org.apache.velocity.runtime.resource.loader.ClasspathResourceLoader
2019-08-25 14:57:03,095 - ClasspathResourceLoader : initialization starting.
2019-08-25 14:57:03,095 - ClasspathResourceLoader : initialization complete.
2019-08-25 14:57:03,096 - ResourceCache : initialized. (class org.apache.velocity.runtime.resource.ResourceCacheImpl)
2019-08-25 14:57:03,096 - Default ResourceManager initialization complete.
2019-08-25 14:57:03,097 - Loaded System Directive: org.apache.velocity.runtime.directive.Literal
2019-08-25 14:57:03,098 - Loaded System Directive: org.apache.velocity.runtime.directive.Macro
2019-08-25 14:57:03,099 - Loaded System Directive: org.apache.velocity.runtime.directive.Parse
2019-08-25 14:57:03,101 - Loaded System Directive: org.apache.velocity.runtime.directive.Include
2019-08-25 14:57:03,101 - Loaded System Directive: org.apache.velocity.runtime.directive.Foreach
2019-08-25 14:57:03,133 - Created: 20 parsers.
2019-08-25 14:57:03,136 - Velocimacro : initialization starting.
2019-08-25 14:57:03,136 - Velocimacro : adding VMs from VM library template : VM_global_library.vm
2019-08-25 14:57:03,138 - ResourceManager : unable to find resource 'VM_global_library.vm' in any resource loader.
2019-08-25 14:57:03,138 - Velocimacro : error using  VM library template VM_global_library.vm : org.apache.velocity.exception.ResourceNotFoundException: Unable to find resource 'VM_global_library.vm'
2019-08-25 14:57:03,138 - Velocimacro :  VM library template macro registration complete.
2019-08-25 14:57:03,138 - Velocimacro : allowInline = true : VMs can be defined inline in templates
2019-08-25 14:57:03,138 - Velocimacro : allowInlineToOverride = false : VMs defined inline may NOT replace previous VM definitions
2019-08-25 14:57:03,139 - Velocimacro : allowInlineLocal = false : VMs defined inline will be  global in scope if allowed.
2019-08-25 14:57:03,139 - Velocimacro : messages on  : VM system will output logging messages
2019-08-25 14:57:03,139 - Velocimacro : autoload off  : VM system will not automatically reload global library macros
2019-08-25 14:57:03,139 - Velocimacro : initialization complete.
2019-08-25 14:57:03,139 - Velocity successfully started.
2019-08-26 10:55:50,248 - SimpleLog4JLogSystem initialized using logfile 'velocity.log'
2019-08-26 10:55:50,257 - ************************************************************** 
2019-08-26 10:55:50,257 - Starting Jakarta Velocity v1.4
2019-08-26 10:55:50,257 - RuntimeInstance initializing.
2019-08-26 10:55:50,257 - Default Properties File: org\apache\velocity\runtime\defaults\velocity.properties
2019-08-26 10:55:50,257 - Trying to use logger class org.apache.velocity.runtime.log.SimpleLog4JLogSystem
2019-08-26 10:55:50,257 - Using logger class org.apache.velocity.runtime.log.SimpleLog4JLogSystem
2019-08-26 10:55:50,259 - Default ResourceManager initializing. (class org.apache.velocity.runtime.resource.ResourceManagerImpl)
2019-08-26 10:55:50,260 - Resource Loader Instantiated: org.apache.velocity.runtime.resource.loader.ClasspathResourceLoader
2019-08-26 10:55:50,260 - ClasspathResourceLoader : initialization starting.
2019-08-26 10:55:50,260 - ClasspathResourceLoader : initialization complete.
2019-08-26 10:55:50,261 - ResourceCache : initialized. (class org.apache.velocity.runtime.resource.ResourceCacheImpl)
2019-08-26 10:55:50,261 - Default ResourceManager initialization complete.
2019-08-26 10:55:50,262 - Loaded System Directive: org.apache.velocity.runtime.directive.Literal
2019-08-26 10:55:50,263 - Loaded System Directive: org.apache.velocity.runtime.directive.Macro
2019-08-26 10:55:50,265 - Loaded System Directive: org.apache.velocity.runtime.directive.Parse
2019-08-26 10:55:50,266 - Loaded System Directive: org.apache.velocity.runtime.directive.Include
2019-08-26 10:55:50,266 - Loaded System Directive: org.apache.velocity.runtime.directive.Foreach
2019-08-26 10:55:50,283 - Created: 20 parsers.
2019-08-26 10:55:50,288 - Velocimacro : initialization starting.
2019-08-26 10:55:50,288 - Velocimacro : adding VMs from VM library template : VM_global_library.vm
2019-08-26 10:55:50,289 - ResourceManager : unable to find resource 'VM_global_library.vm' in any resource loader.
2019-08-26 10:55:50,289 - Velocimacro : error using  VM library template VM_global_library.vm : org.apache.velocity.exception.ResourceNotFoundException: Unable to find resource 'VM_global_library.vm'
2019-08-26 10:55:50,311 - Velocimacro :  VM library template macro registration complete.
2019-08-26 10:55:50,311 - Velocimacro : allowInline = true : VMs can be defined inline in templates
2019-08-26 10:55:50,311 - Velocimacro : allowInlineToOverride = false : VMs defined inline may NOT replace previous VM definitions
2019-08-26 10:55:50,311 - Velocimacro : allowInlineLocal = false : VMs defined inline will be  global in scope if allowed.
2019-08-26 10:55:50,311 - Velocimacro : messages on  : VM system will output logging messages
2019-08-26 10:55:50,311 - Velocimacro : autoload off  : VM system will not automatically reload global library macros
2019-08-26 10:55:50,311 - Velocimacro : initialization complete.
2019-08-26 10:55:50,311 - Velocity successfully started.
2019-08-26 17:00:42,180 - SimpleLog4JLogSystem initialized using logfile 'velocity.log'
2019-08-26 17:00:42,181 - ************************************************************** 
2019-08-26 17:00:42,181 - Starting Jakarta Velocity v1.4
2019-08-26 17:00:42,181 - RuntimeInstance initializing.
2019-08-26 17:00:42,181 - Default Properties File: org\apache\velocity\runtime\defaults\velocity.properties
2019-08-26 17:00:42,181 - Trying to use logger class org.apache.velocity.runtime.log.SimpleLog4JLogSystem
2019-08-26 17:00:42,181 - Using logger class org.apache.velocity.runtime.log.SimpleLog4JLogSystem
2019-08-26 17:00:42,183 - Default ResourceManager initializing. (class org.apache.velocity.runtime.resource.ResourceManagerImpl)
2019-08-26 17:00:42,185 - Resource Loader Instantiated: org.apache.velocity.runtime.resource.loader.ClasspathResourceLoader
2019-08-26 17:00:42,185 - ClasspathResourceLoader : initialization starting.
2019-08-26 17:00:42,185 - ClasspathResourceLoader : initialization complete.
2019-08-26 17:00:42,187 - ResourceCache : initialized. (class org.apache.velocity.runtime.resource.ResourceCacheImpl)
2019-08-26 17:00:42,187 - Default ResourceManager initialization complete.
2019-08-26 17:00:42,188 - Loaded System Directive: org.apache.velocity.runtime.directive.Literal
2019-08-26 17:00:42,190 - Loaded System Directive: org.apache.velocity.runtime.directive.Macro
2019-08-26 17:00:42,191 - Loaded System Directive: org.apache.velocity.runtime.directive.Parse
2019-08-26 17:00:42,192 - Loaded System Directive: org.apache.velocity.runtime.directive.Include
2019-08-26 17:00:42,192 - Loaded System Directive: org.apache.velocity.runtime.directive.Foreach
2019-08-26 17:00:42,216 - Created: 20 parsers.
2019-08-26 17:00:42,221 - Velocimacro : initialization starting.
2019-08-26 17:00:42,221 - Velocimacro : adding VMs from VM library template : VM_global_library.vm
2019-08-26 17:00:42,223 - ResourceManager : unable to find resource 'VM_global_library.vm' in any resource loader.
2019-08-26 17:00:42,223 - Velocimacro : error using  VM library template VM_global_library.vm : org.apache.velocity.exception.ResourceNotFoundException: Unable to find resource 'VM_global_library.vm'
2019-08-26 17:00:42,224 - Velocimacro :  VM library template macro registration complete.
2019-08-26 17:00:42,224 - Velocimacro : allowInline = true : VMs can be defined inline in templates
2019-08-26 17:00:42,224 - Velocimacro : allowInlineToOverride = false : VMs defined inline may NOT replace previous VM definitions
2019-08-26 17:00:42,224 - Velocimacro : allowInlineLocal = false : VMs defined inline will be  global in scope if allowed.
2019-08-26 17:00:42,224 - Velocimacro : messages on  : VM system will output logging messages
2019-08-26 17:00:42,224 - Velocimacro : autoload off  : VM system will not automatically reload global library macros
2019-08-26 17:00:42,224 - Velocimacro : initialization complete.
2019-08-26 17:00:42,224 - Velocity successfully started.
2019-08-26 17:01:57,637 - ResourceManager : found repast/simphony/parameter/parameters.vt with loader org.apache.velocity.runtime.resource.loader.ClasspathResourceLoader
2019-08-26 17:02:01,545 - ResourceManager : found repast/simphony/scenario/Scenario.vt with loader org.apache.velocity.runtime.resource.loader.ClasspathResourceLoader
2019-08-29 15:42:56,916 - SimpleLog4JLogSystem initialized using logfile 'velocity.log'
2019-08-29 15:42:56,927 - ************************************************************** 
2019-08-29 15:42:56,928 - Starting Jakarta Velocity v1.4
2019-08-29 15:42:56,928 - RuntimeInstance initializing.
2019-08-29 15:42:56,928 - Default Properties File: org\apache\velocity\runtime\defaults\velocity.properties
2019-08-29 15:42:56,928 - Trying to use logger class org.apache.velocity.runtime.log.SimpleLog4JLogSystem
2019-08-29 15:42:56,928 - Using logger class org.apache.velocity.runtime.log.SimpleLog4JLogSystem
2019-08-29 15:42:56,931 - Default ResourceManager initializing. (class org.apache.velocity.runtime.resource.ResourceManagerImpl)
2019-08-29 15:42:56,933 - Resource Loader Instantiated: org.apache.velocity.runtime.resource.loader.ClasspathResourceLoader
2019-08-29 15:42:56,933 - ClasspathResourceLoader : initialization starting.
2019-08-29 15:42:56,933 - ClasspathResourceLoader : initialization complete.
2019-08-29 15:42:56,934 - ResourceCache : initialized. (class org.apache.velocity.runtime.resource.ResourceCacheImpl)
2019-08-29 15:42:56,934 - Default ResourceManager initialization complete.
2019-08-29 15:42:56,935 - Loaded System Directive: org.apache.velocity.runtime.directive.Literal
2019-08-29 15:42:56,937 - Loaded System Directive: org.apache.velocity.runtime.directive.Macro
2019-08-29 15:42:56,938 - Loaded System Directive: org.apache.velocity.runtime.directive.Parse
2019-08-29 15:42:56,939 - Loaded System Directive: org.apache.velocity.runtime.directive.Include
2019-08-29 15:42:56,940 - Loaded System Directive: org.apache.velocity.runtime.directive.Foreach
2019-08-29 15:42:56,962 - Created: 20 parsers.
2019-08-29 15:42:56,967 - Velocimacro : initialization starting.
2019-08-29 15:42:56,968 - Velocimacro : adding VMs from VM library template : VM_global_library.vm
2019-08-29 15:42:56,970 - ResourceManager : unable to find resource 'VM_global_library.vm' in any resource loader.
2019-08-29 15:42:56,970 - Velocimacro : error using  VM library template VM_global_library.vm : org.apache.velocity.exception.ResourceNotFoundException: Unable to find resource 'VM_global_library.vm'
2019-08-29 15:42:56,970 - Velocimacro :  VM library template macro registration complete.
2019-08-29 15:42:56,970 - Velocimacro : allowInline = true : VMs can be defined inline in templates
2019-08-29 15:42:56,970 - Velocimacro : allowInlineToOverride = false : VMs defined inline may NOT replace previous VM definitions
2019-08-29 15:42:56,970 - Velocimacro : allowInlineLocal = false : VMs defined inline will be  global in scope if allowed.
2019-08-29 15:42:56,970 - Velocimacro : messages on  : VM system will output logging messages
2019-08-29 15:42:56,970 - Velocimacro : autoload off  : VM system will not automatically reload global library macros
2019-08-29 15:42:56,970 - Velocimacro : initialization complete.
2019-08-29 15:42:56,970 - Velocity successfully started.
